<?xml version="1.0" encoding="UTF-8"?>
<!-- Generated by org.testng.reporters.JUnitXMLReporter -->
<testsuite ignored="0" hostname="Bharani" failures="1" tests="3" name="Test" time="28.124" errors="0" timestamp="2022-12-22T07:51:11 IST">
  <testcase classname="Testng.Testcase3" name="tc3" time="1.649"/>
  <testcase classname="Testng.Testcase1" name="tc1" time="3.009">
    <failure type="java.lang.AssertionError" message="The following asserts failed:
	expected [456tghgdhgfhj] but found [Facebook – log in or sign up]">
      <![CDATA[java.lang.AssertionError: The following asserts failed:
expected [456tghgdhgfhj] but found [Facebook – log in or sign up]
at Testng.Testcase1.tc1(Testcase1.java:48)
at java.base/java.util.ArrayList.forEach(ArrayList.java:1511)
... Removed 29 stack frames]]>
    </failure>
  </testcase> <!-- tc1 -->
  <testcase classname="Testng.Testcase2" name="tc2" time="1.164"/>
</testsuite> <!-- Test -->
